00000000 00000001 0000c350 PUSH 50
00000008 00000033 00000000 IN
00000010 00000015 00000000 POP_BX
00000016 00000001 000003e8 PUSH 1
00000024 00000017 00000000 POP_DX
00000030 00000001 000003e8 PUSH 1
00000038 00000016 00000000 POP_CX
00000044 00000001 000003e8 PUSH 1
00000052 00000014 00000000 POP_AX
00000058 00000028 00000011 CALL 17
00000066 0000000c 00000000 PUSH_CX
00000073 00000000 00000000 END
00000076 0000000c 00000000 PUSH_CX
00000083 0000000d 00000000 PUSH_DX
00000090 00000016 00000000 POP_CX
00000096 0000000c 00000000 PUSH_CX
00000103 00000002 00000000 ADD
00000106 00000017 00000000 POP_DX
00000112 0000000a 00000000 PUSH_AX
00000119 00000001 000003e8 PUSH 1
00000127 00000002 00000000 ADD
00000130 00000014 00000000 POP_AX
00000136 0000000b 00000000 PUSH_BX
00000143 0000000a 00000000 PUSH_AX
00000150 00000022 0000000f JE 15
00000156 00000014 00000000 POP_AX
00000162 00000015 00000000 POP_BX
00000168 00000028 00000011 CALL 17
00000176 00000029 00000000 RET
